{"/Users/ngtheluan/Github/unit-test/main.js": {"path":"/Users/ngtheluan/Github/unit-test/main.js","statementMap":{"0":{"start":{"line":2,"column":1},"end":{"line":2,"column":49}},"1":{"start":{"line":2,"column":28},"end":{"line":2,"column":49}},"2":{"start":{"line":3,"column":1},"end":{"line":3,"column":33}},"3":{"start":{"line":3,"column":15},"end":{"line":3,"column":33}},"4":{"start":{"line":4,"column":1},"end":{"line":4,"column":29}},"5":{"start":{"line":4,"column":16},"end":{"line":4,"column":29}},"6":{"start":{"line":5,"column":1},"end":{"line":5,"column":33}},"7":{"start":{"line":5,"column":16},"end":{"line":5,"column":33}},"8":{"start":{"line":6,"column":1},"end":{"line":6,"column":13}},"9":{"start":{"line":10,"column":1},"end":{"line":10,"column":71}},"10":{"start":{"line":10,"column":59},"end":{"line":10,"column":71}},"11":{"start":{"line":11,"column":1},"end":{"line":13,"column":2}},"12":{"start":{"line":11,"column":14},"end":{"line":11,"column":15}},"13":{"start":{"line":12,"column":2},"end":{"line":12,"column":43}},"14":{"start":{"line":12,"column":31},"end":{"line":12,"column":43}},"15":{"start":{"line":14,"column":1},"end":{"line":14,"column":12}}},"fnMap":{"0":{"name":"classifyStudent","decl":{"start":{"line":1,"column":16},"end":{"line":1,"column":31}},"loc":{"start":{"line":1,"column":38},"end":{"line":7,"column":1}},"line":1},"1":{"name":"checkIfAllEven","decl":{"start":{"line":9,"column":16},"end":{"line":9,"column":30}},"loc":{"start":{"line":9,"column":43},"end":{"line":15,"column":1}},"line":9}},"branchMap":{"0":{"loc":{"start":{"line":2,"column":1},"end":{"line":2,"column":49}},"type":"if","locations":[{"start":{"line":2,"column":1},"end":{"line":2,"column":49}},{"start":{},"end":{}}],"line":2},"1":{"loc":{"start":{"line":2,"column":5},"end":{"line":2,"column":26}},"type":"binary-expr","locations":[{"start":{"line":2,"column":5},"end":{"line":2,"column":13}},{"start":{"line":2,"column":17},"end":{"line":2,"column":26}}],"line":2},"2":{"loc":{"start":{"line":3,"column":1},"end":{"line":3,"column":33}},"type":"if","locations":[{"start":{"line":3,"column":1},"end":{"line":3,"column":33}},{"start":{},"end":{}}],"line":3},"3":{"loc":{"start":{"line":4,"column":1},"end":{"line":4,"column":29}},"type":"if","locations":[{"start":{"line":4,"column":1},"end":{"line":4,"column":29}},{"start":{},"end":{}}],"line":4},"4":{"loc":{"start":{"line":5,"column":1},"end":{"line":5,"column":33}},"type":"if","locations":[{"start":{"line":5,"column":1},"end":{"line":5,"column":33}},{"start":{},"end":{}}],"line":5},"5":{"loc":{"start":{"line":10,"column":1},"end":{"line":10,"column":71}},"type":"if","locations":[{"start":{"line":10,"column":1},"end":{"line":10,"column":71}},{"start":{},"end":{}}],"line":10},"6":{"loc":{"start":{"line":10,"column":5},"end":{"line":10,"column":57}},"type":"binary-expr","locations":[{"start":{"line":10,"column":5},"end":{"line":10,"column":31}},{"start":{"line":10,"column":35},"end":{"line":10,"column":57}}],"line":10},"7":{"loc":{"start":{"line":12,"column":2},"end":{"line":12,"column":43}},"type":"if","locations":[{"start":{"line":12,"column":2},"end":{"line":12,"column":43}},{"start":{},"end":{}}],"line":12}},"s":{"0":10,"1":2,"2":8,"3":2,"4":6,"5":2,"6":4,"7":1,"8":3,"9":8,"10":6,"11":2,"12":2,"13":5,"14":1,"15":1},"f":{"0":10,"1":8},"b":{"0":[2,8],"1":[10,9],"2":[2,6],"3":[2,4],"4":[1,3],"5":[6,2],"6":[8,3],"7":[1,4]},"_coverageSchema":"1a1c01bbd47fc00a2c39e90264f33305004495a9","hash":"5c2d14c86e2942f414175464b25900254905143f"}
}
